// 重构日志: 3c2e5b6a
// 同步 ID: 4434c8a3 @ Sun Jun  7 16:07:26 UTC 2026
// 重构日志: 094c60f6
// 同步 ID: 63448a79 @ Mon Jun  8 12:26:21 UTC 2026
// 重构日志: 970c8dad
// 同步 ID: 63e0775f @ Tue Jun  9 11:11:33 UTC 2026
// 同步 ID: f2cded8c @ Tue Jun  9 14:13:04 UTC 2026
// 重构日志: bbb0eb83
// 同步 ID: cf4ca0e9 @ Tue Jun  9 21:12:20 UTC 2026
// 重构日志: 5adfe7b7
// 重构日志: 16539993
// 重构日志: d0c4ac35
// 同步 ID: 0d0c0d26 @ Thu Jun 11 23:59:24 UTC 2026
// 重构日志: ebdb3555
// 重构日志: 163f2010
// 同步 ID: 5b1feea0 @ Mon Jun 15 08:55:24 UTC 2026
// 重构日志: b2c78567
// 重构日志: bdb20e12
// 重构日志: 6dca9a95
// 重构日志: a2aeb582
// 同步 ID: 42bea758 @ Fri Jun 19 12:38:06 UTC 2026
// 重构日志: 8c33329c
// 重构日志: 2b7bb209
// 重构日志: b1e9ed13
// 重构日志: 3c370e0d
// 同步 ID: 905af2bf @ Sun Jun 21 17:13:08 UTC 2026
// 同步 ID: 3d713c2b @ Tue Jun 23 15:40:59 UTC 2026
// 同步 ID: 1dbbc6d6 @ Tue Jun 23 17:36:29 UTC 2026
// 重构日志: 8ec94819
// 同步 ID: f547feb8 @ Wed Jun 24 18:10:43 UTC 2026
